<?xml version="1.0" encoding="utf-8"?><testsuites name="pytest tests"><testsuite name="pytest" errors="0" failures="0" skipped="0" tests="18" time="10.650" timestamp="2026-05-05T07:53:01.095241+00:00" hostname="agent-env-f8f7fb1b-7174-48f4-b53a-e3e9bb575576"><testcase classname="backend.tests.test_market_alerts" name="test_market_quote" time="4.401" /><testcase classname="backend.tests.test_market_alerts" name="test_market_history_counts[1H-55-65]" time="0.052" /><testcase classname="backend.tests.test_market_alerts" name="test_market_history_counts[24H-140-148]" time="0.056" /><testcase classname="backend.tests.test_market_alerts" name="test_market_history_counts[7D-160-172]" time="0.057" /><testcase classname="backend.tests.test_market_alerts" name="test_market_history_counts[30D-235-245]" time="0.072" /><testcase classname="backend.tests.test_market_alerts" name="test_market_history_counts[1Y-360-370]" time="0.066" /><testcase classname="backend.tests.test_market_alerts" name="test_market_history_lowercase_accepted" time="0.048" /><testcase classname="backend.tests.test_market_alerts" name="test_market_history_invalid_range" time="0.050" /><testcase classname="backend.tests.test_market_alerts" name="test_market_stats" time="0.051" /><testcase classname="backend.tests.test_market_alerts" name="test_market_ws_connect_and_snapshot" time="0.289" /><testcase classname="backend.tests.test_market_alerts" name="test_create_alert_requires_auth" time="0.047" /><testcase classname="backend.tests.test_market_alerts" name="test_create_alert_invalid_direction" time="0.450" /><testcase classname="backend.tests.test_market_alerts" name="test_create_list_delete_alert" time="0.435" /><testcase classname="backend.tests.test_market_alerts" name="test_alert_isolation_between_users" time="0.600" /><testcase classname="backend.tests.test_market_alerts" name="test_regression_login" time="0.344" /><testcase classname="backend.tests.test_market_alerts" name="test_regression_listings" time="0.053" /><testcase classname="backend.tests.test_market_alerts" name="test_regression_conversations" time="0.056" /><testcase classname="backend.tests.test_market_alerts" name="test_regression_ai_assist" time="2.527" /></testsuite></testsuites>