<?xml version="1.0" encoding="utf-8"?><testsuites name="pytest tests"><testsuite name="pytest" errors="0" failures="0" skipped="0" tests="26" time="12.830" timestamp="2026-05-05T05:59:38.583363+00:00" hostname="agent-env-f8f7fb1b-7174-48f4-b53a-e3e9bb575576"><testcase classname="backend.tests.test_cottonhub" name="test_root" time="0.324" /><testcase classname="backend.tests.test_cottonhub" name="test_register_and_me" time="0.383" /><testcase classname="backend.tests.test_cottonhub" name="test_register_duplicate" time="0.048" /><testcase classname="backend.tests.test_cottonhub" name="test_login_demo_buyer" time="0.342" /><testcase classname="backend.tests.test_cottonhub" name="test_login_invalid" time="0.326" /><testcase classname="backend.tests.test_cottonhub" name="test_me_missing_token" time="0.048" /><testcase classname="backend.tests.test_cottonhub" name="test_me_invalid_token" time="0.048" /><testcase classname="backend.tests.test_cottonhub" name="test_listings_seeded" time="0.049" /><testcase classname="backend.tests.test_cottonhub" name="test_listings_filter_product_type" time="0.047" /><testcase classname="backend.tests.test_cottonhub" name="test_listings_filter_origin" time="0.046" /><testcase classname="backend.tests.test_cottonhub" name="test_listings_filter_certification" time="0.055" /><testcase classname="backend.tests.test_cottonhub" name="test_listings_search_q" time="0.050" /><testcase classname="backend.tests.test_cottonhub" name="test_get_listing_by_id" time="0.095" /><testcase classname="backend.tests.test_cottonhub" name="test_get_listing_404" time="0.046" /><testcase classname="backend.tests.test_cottonhub" name="test_create_listing_auth_required" time="0.049" /><testcase classname="backend.tests.test_cottonhub" name="test_create_listing" time="0.429" /><testcase classname="backend.tests.test_cottonhub" name="test_conversation_created" time="0.155" /><testcase classname="backend.tests.test_cottonhub" name="test_list_conversations" time="0.051" /><testcase classname="backend.tests.test_cottonhub" name="test_get_conversation_messages" time="0.055" /><testcase classname="backend.tests.test_cottonhub" name="test_send_message" time="0.110" /><testcase classname="backend.tests.test_cottonhub" name="test_cannot_message_self" time="0.096" /><testcase classname="backend.tests.test_cottonhub" name="test_conversation_forbidden" time="0.373" /><testcase classname="backend.tests.test_cottonhub" name="test_ai_assist_reply" time="4.179" /><testcase classname="backend.tests.test_cottonhub" name="test_ai_assist_negotiate" time="4.221" /><testcase classname="backend.tests.test_cottonhub" name="test_ws_invalid_token_rejected" time="0.246" /><testcase classname="backend.tests.test_cottonhub" name="test_ws_valid_token_connects" time="0.517" /></testsuite></testsuites>